Global seed set to 1337
wandb: Currently logged in as: inwaves (use `wandb login --relogin` to force relogin)
wandb: Tracking run with wandb version 0.12.14
wandb: Run data is saved locally in /home/ata36/generalisation-claims/wandb/run-20220411_092407-1odoiicb
wandb: Run `wandb offline` to turn off syncing.
wandb: Syncing run gentle-totem-57
wandb: ⭐️ View project at https://wandb.ai/inwaves/generalisation
wandb: 🚀 View run at https://wandb.ai/inwaves/generalisation/runs/1odoiicb
GPU available: True, used: True
TPU available: False, using: 0 TPU cores
IPU available: False, using: 0 IPUs
LOCAL_RANK: 0 - CUDA_VISIBLE_DEVICES: [0]
/home/ata36/gen-experiments/lib/python3.6/site-packages/pytorch_lightning/loggers/wandb.py:342: UserWarning: There is a wandb run already in progress and newly created instances of `WandbLogger` will reuse this run. If this is not desired, call `wandb.finish()` before instantiating `WandbLogger`.
  "There is a wandb run already in progress and newly created instances of `WandbLogger` will reuse"
Set SLURM handle signals.

  | Name    | Type   | Params
-----------------------------------
0 | hidden1 | Linear | 20    
1 | hidden2 | Linear | 20    
2 | relu    | ReLU   | 0     
3 | out1    | Linear | 10    
4 | out2    | Linear | 10    
-----------------------------------
60        Trainable params
0         Non-trainable params
60        Total params
0.000     Total estimated model params size (MB)
/home/ata36/gen-experiments/lib/python3.6/site-packages/pytorch_lightning/trainer/data_loading.py:433: UserWarning: The number of training samples (1) is smaller than the logging interval Trainer(log_every_n_steps=100). Set a lower value for log_every_n_steps if you want to see logs for the training epoch.
  f"The number of training samples ({self.num_training_batches}) is smaller than the logging interval"
Training: 0it [00:00, ?it/s]Training:   0% 0/1 [00:00<?, ?it/s]Epoch 0:   0% 0/1 [00:00<?, ?it/s] Traceback (most recent call last):
  File "1d_regression.py", line 31, in <module>
    trainer.fit(model, train_dataloader)
  File "/home/ata36/gen-experiments/lib/python3.6/site-packages/pytorch_lightning/trainer/trainer.py", line 741, in fit
    self._fit_impl, model, train_dataloaders, val_dataloaders, datamodule, ckpt_path
  File "/home/ata36/gen-experiments/lib/python3.6/site-packages/pytorch_lightning/trainer/trainer.py", line 685, in _call_and_handle_interrupt
    return trainer_fn(*args, **kwargs)
  File "/home/ata36/gen-experiments/lib/python3.6/site-packages/pytorch_lightning/trainer/trainer.py", line 777, in _fit_impl
    self._run(model, ckpt_path=ckpt_path)
  File "/home/ata36/gen-experiments/lib/python3.6/site-packages/pytorch_lightning/trainer/trainer.py", line 1199, in _run
    self._dispatch()
  File "/home/ata36/gen-experiments/lib/python3.6/site-packages/pytorch_lightning/trainer/trainer.py", line 1279, in _dispatch
    self.training_type_plugin.start_training(self)
  File "/home/ata36/gen-experiments/lib/python3.6/site-packages/pytorch_lightning/plugins/training_type/training_type_plugin.py", line 202, in start_training
    self._results = trainer.run_stage()
  File "/home/ata36/gen-experiments/lib/python3.6/site-packages/pytorch_lightning/trainer/trainer.py", line 1289, in run_stage
    return self._run_train()
  File "/home/ata36/gen-experiments/lib/python3.6/site-packages/pytorch_lightning/trainer/trainer.py", line 1319, in _run_train
    self.fit_loop.run()
  File "/home/ata36/gen-experiments/lib/python3.6/site-packages/pytorch_lightning/loops/base.py", line 145, in run
    self.advance(*args, **kwargs)
  File "/home/ata36/gen-experiments/lib/python3.6/site-packages/pytorch_lightning/loops/fit_loop.py", line 234, in advance
    self.epoch_loop.run(data_fetcher)
  File "/home/ata36/gen-experiments/lib/python3.6/site-packages/pytorch_lightning/loops/base.py", line 145, in run
    self.advance(*args, **kwargs)
  File "/home/ata36/gen-experiments/lib/python3.6/site-packages/pytorch_lightning/loops/epoch/training_epoch_loop.py", line 193, in advance
    batch_output = self.batch_loop.run(batch, batch_idx)
  File "/home/ata36/gen-experiments/lib/python3.6/site-packages/pytorch_lightning/loops/base.py", line 145, in run
    self.advance(*args, **kwargs)
  File "/home/ata36/gen-experiments/lib/python3.6/site-packages/pytorch_lightning/loops/batch/training_batch_loop.py", line 88, in advance
    outputs = self.optimizer_loop.run(split_batch, optimizers, batch_idx)
  File "/home/ata36/gen-experiments/lib/python3.6/site-packages/pytorch_lightning/loops/base.py", line 145, in run
    self.advance(*args, **kwargs)
  File "/home/ata36/gen-experiments/lib/python3.6/site-packages/pytorch_lightning/loops/optimization/optimizer_loop.py", line 219, in advance
    self.optimizer_idx,
  File "/home/ata36/gen-experiments/lib/python3.6/site-packages/pytorch_lightning/loops/optimization/optimizer_loop.py", line 266, in _run_optimization
    self._optimizer_step(optimizer, opt_idx, batch_idx, closure)
  File "/home/ata36/gen-experiments/lib/python3.6/site-packages/pytorch_lightning/loops/optimization/optimizer_loop.py", line 386, in _optimizer_step
    using_lbfgs=is_lbfgs,
  File "/home/ata36/gen-experiments/lib/python3.6/site-packages/pytorch_lightning/core/lightning.py", line 1652, in optimizer_step
    optimizer.step(closure=optimizer_closure)
  File "/home/ata36/gen-experiments/lib/python3.6/site-packages/pytorch_lightning/core/optimizer.py", line 164, in step
    trainer.accelerator.optimizer_step(self._optimizer, self._optimizer_idx, closure, **kwargs)
  File "/home/ata36/gen-experiments/lib/python3.6/site-packages/pytorch_lightning/accelerators/accelerator.py", line 339, in optimizer_step
    self.precision_plugin.optimizer_step(model, optimizer, opt_idx, closure, **kwargs)
  File "/home/ata36/gen-experiments/lib/python3.6/site-packages/pytorch_lightning/plugins/precision/precision_plugin.py", line 163, in optimizer_step
    optimizer.step(closure=closure, **kwargs)
  File "/home/ata36/gen-experiments/lib/python3.6/site-packages/torch/optim/optimizer.py", line 88, in wrapper
    return func(*args, **kwargs)
  File "/home/ata36/gen-experiments/lib/python3.6/site-packages/torch/autograd/grad_mode.py", line 28, in decorate_context
    return func(*args, **kwargs)
  File "/home/ata36/gen-experiments/lib/python3.6/site-packages/torch/optim/sgd.py", line 113, in step
    loss = closure()
  File "/home/ata36/gen-experiments/lib/python3.6/site-packages/pytorch_lightning/plugins/precision/precision_plugin.py", line 148, in _wrap_closure
    closure_result = closure()
  File "/home/ata36/gen-experiments/lib/python3.6/site-packages/pytorch_lightning/loops/optimization/optimizer_loop.py", line 160, in __call__
    self._result = self.closure(*args, **kwargs)
  File "/home/ata36/gen-experiments/lib/python3.6/site-packages/pytorch_lightning/loops/optimization/optimizer_loop.py", line 142, in closure
    step_output = self._step_fn()
  File "/home/ata36/gen-experiments/lib/python3.6/site-packages/pytorch_lightning/loops/optimization/optimizer_loop.py", line 435, in _training_step
    training_step_output = self.trainer.accelerator.training_step(step_kwargs)
  File "/home/ata36/gen-experiments/lib/python3.6/site-packages/pytorch_lightning/accelerators/accelerator.py", line 219, in training_step
    return self.training_type_plugin.training_step(*step_kwargs.values())
  File "/home/ata36/gen-experiments/lib/python3.6/site-packages/pytorch_lightning/plugins/training_type/training_type_plugin.py", line 213, in training_step
    return self.model.training_step(*args, **kwargs)
  File "/home/ata36/generalisation-claims/models/shallow_relu.py", line 79, in training_step
    out = self.forward(idx)
  File "/home/ata36/generalisation-claims/models/shallow_relu.py", line 75, in forward
    return (torch.sqrt(torch.tensor([2])) / 2) * path1 + (torch.sqrt(torch.tensor([2])) / 2) * path2
RuntimeError: Expected all tensors to be on the same device, but found at least two devices, cuda:0 and cpu!
Traceback (most recent call last):
  File "1d_regression.py", line 31, in <module>
    trainer.fit(model, train_dataloader)
  File "/home/ata36/gen-experiments/lib/python3.6/site-packages/pytorch_lightning/trainer/trainer.py", line 741, in fit
    self._fit_impl, model, train_dataloaders, val_dataloaders, datamodule, ckpt_path
  File "/home/ata36/gen-experiments/lib/python3.6/site-packages/pytorch_lightning/trainer/trainer.py", line 685, in _call_and_handle_interrupt
    return trainer_fn(*args, **kwargs)
  File "/home/ata36/gen-experiments/lib/python3.6/site-packages/pytorch_lightning/trainer/trainer.py", line 777, in _fit_impl
    self._run(model, ckpt_path=ckpt_path)
  File "/home/ata36/gen-experiments/lib/python3.6/site-packages/pytorch_lightning/trainer/trainer.py", line 1199, in _run
    self._dispatch()
  File "/home/ata36/gen-experiments/lib/python3.6/site-packages/pytorch_lightning/trainer/trainer.py", line 1279, in _dispatch
    self.training_type_plugin.start_training(self)
  File "/home/ata36/gen-experiments/lib/python3.6/site-packages/pytorch_lightning/plugins/training_type/training_type_plugin.py", line 202, in start_training
    self._results = trainer.run_stage()
  File "/home/ata36/gen-experiments/lib/python3.6/site-packages/pytorch_lightning/trainer/trainer.py", line 1289, in run_stage
    return self._run_train()
  File "/home/ata36/gen-experiments/lib/python3.6/site-packages/pytorch_lightning/trainer/trainer.py", line 1319, in _run_train
    self.fit_loop.run()
  File "/home/ata36/gen-experiments/lib/python3.6/site-packages/pytorch_lightning/loops/base.py", line 145, in run
    self.advance(*args, **kwargs)
  File "/home/ata36/gen-experiments/lib/python3.6/site-packages/pytorch_lightning/loops/fit_loop.py", line 234, in advance
    self.epoch_loop.run(data_fetcher)
  File "/home/ata36/gen-experiments/lib/python3.6/site-packages/pytorch_lightning/loops/base.py", line 145, in run
    self.advance(*args, **kwargs)
  File "/home/ata36/gen-experiments/lib/python3.6/site-packages/pytorch_lightning/loops/epoch/training_epoch_loop.py", line 193, in advance
    batch_output = self.batch_loop.run(batch, batch_idx)
  File "/home/ata36/gen-experiments/lib/python3.6/site-packages/pytorch_lightning/loops/base.py", line 145, in run
    self.advance(*args, **kwargs)
  File "/home/ata36/gen-experiments/lib/python3.6/site-packages/pytorch_lightning/loops/batch/training_batch_loop.py", line 88, in advance
    outputs = self.optimizer_loop.run(split_batch, optimizers, batch_idx)
  File "/home/ata36/gen-experiments/lib/python3.6/site-packages/pytorch_lightning/loops/base.py", line 145, in run
    self.advance(*args, **kwargs)
  File "/home/ata36/gen-experiments/lib/python3.6/site-packages/pytorch_lightning/loops/optimization/optimizer_loop.py", line 219, in advance
    self.optimizer_idx,
  File "/home/ata36/gen-experiments/lib/python3.6/site-packages/pytorch_lightning/loops/optimization/optimizer_loop.py", line 266, in _run_optimization
    self._optimizer_step(optimizer, opt_idx, batch_idx, closure)
  File "/home/ata36/gen-experiments/lib/python3.6/site-packages/pytorch_lightning/loops/optimization/optimizer_loop.py", line 386, in _optimizer_step
    using_lbfgs=is_lbfgs,
  File "/home/ata36/gen-experiments/lib/python3.6/site-packages/pytorch_lightning/core/lightning.py", line 1652, in optimizer_step
    optimizer.step(closure=optimizer_closure)
  File "/home/ata36/gen-experiments/lib/python3.6/site-packages/pytorch_lightning/core/optimizer.py", line 164, in step
    trainer.accelerator.optimizer_step(self._optimizer, self._optimizer_idx, closure, **kwargs)
  File "/home/ata36/gen-experiments/lib/python3.6/site-packages/pytorch_lightning/accelerators/accelerator.py", line 339, in optimizer_step
    self.precision_plugin.optimizer_step(model, optimizer, opt_idx, closure, **kwargs)
  File "/home/ata36/gen-experiments/lib/python3.6/site-packages/pytorch_lightning/plugins/precision/precision_plugin.py", line 163, in optimizer_step
    optimizer.step(closure=closure, **kwargs)
  File "/home/ata36/gen-experiments/lib/python3.6/site-packages/torch/optim/optimizer.py", line 88, in wrapper
    return func(*args, **kwargs)
  File "/home/ata36/gen-experiments/lib/python3.6/site-packages/torch/autograd/grad_mode.py", line 28, in decorate_context
    return func(*args, **kwargs)
  File "/home/ata36/gen-experiments/lib/python3.6/site-packages/torch/optim/sgd.py", line 113, in step
    loss = closure()
  File "/home/ata36/gen-experiments/lib/python3.6/site-packages/pytorch_lightning/plugins/precision/precision_plugin.py", line 148, in _wrap_closure
    closure_result = closure()
  File "/home/ata36/gen-experiments/lib/python3.6/site-packages/pytorch_lightning/loops/optimization/optimizer_loop.py", line 160, in __call__
    self._result = self.closure(*args, **kwargs)
  File "/home/ata36/gen-experiments/lib/python3.6/site-packages/pytorch_lightning/loops/optimization/optimizer_loop.py", line 142, in closure
    step_output = self._step_fn()
  File "/home/ata36/gen-experiments/lib/python3.6/site-packages/pytorch_lightning/loops/optimization/optimizer_loop.py", line 435, in _training_step
    training_step_output = self.trainer.accelerator.training_step(step_kwargs)
  File "/home/ata36/gen-experiments/lib/python3.6/site-packages/pytorch_lightning/accelerators/accelerator.py", line 219, in training_step
    return self.training_type_plugin.training_step(*step_kwargs.values())
  File "/home/ata36/gen-experiments/lib/python3.6/site-packages/pytorch_lightning/plugins/training_type/training_type_plugin.py", line 213, in training_step
    return self.model.training_step(*args, **kwargs)
  File "/home/ata36/generalisation-claims/models/shallow_relu.py", line 79, in training_step
    out = self.forward(idx)
  File "/home/ata36/generalisation-claims/models/shallow_relu.py", line 75, in forward
    return (torch.sqrt(torch.tensor([2])) / 2) * path1 + (torch.sqrt(torch.tensor([2])) / 2) * path2
RuntimeError: Expected all tensors to be on the same device, but found at least two devices, cuda:0 and cpu!
wandb: Waiting for W&B process to finish... (failed 1). Press Control-C to abort syncing.
wandb: - 0.001 MB of 0.001 MB uploaded (0.000 MB deduped)wandb: \ 0.001 MB of 0.001 MB uploaded (0.000 MB deduped)wandb: | 0.001 MB of 0.001 MB uploaded (0.000 MB deduped)wandb: / 0.001 MB of 0.006 MB uploaded (0.000 MB deduped)wandb: - 0.001 MB of 0.006 MB uploaded (0.000 MB deduped)wandb: \ 0.006 MB of 0.006 MB uploaded (0.000 MB deduped)wandb: | 0.006 MB of 0.006 MB uploaded (0.000 MB deduped)wandb: / 0.006 MB of 0.006 MB uploaded (0.000 MB deduped)wandb: - 0.006 MB of 0.006 MB uploaded (0.000 MB deduped)wandb: \ 0.006 MB of 0.006 MB uploaded (0.000 MB deduped)wandb: | 0.006 MB of 0.006 MB uploaded (0.000 MB deduped)wandb: / 0.006 MB of 0.006 MB uploaded (0.000 MB deduped)wandb:                                                                                
wandb: Synced gentle-totem-57: https://wandb.ai/inwaves/generalisation/runs/1odoiicb
wandb: Synced 5 W&B file(s), 0 media file(s), 0 artifact file(s) and 0 other file(s)
wandb: Find logs at: ./wandb/run-20220411_092407-1odoiicb/logs

