++ date +%s
+ start=1652273167
+ 1d_regression.py --dataset=sine --tag=sine-optimiser-ablation --optimiser=sgd --nonlinearity=relu --generalisation_task=baseline --model=ASIShallowRelu --hidden_units=10 --learning_rate=0.1 --adjust_data_linearly=True
/var/spool/slurm/slurmd/job60879782/slurm_script: line 35: ./1d_regression.py: Permission denied
+ 1d_regression.py --dataset=sine --tag=sine-optimiser-ablation --optimiser=sgd --nonlinearity=relu --generalisation_task=baseline --model=ASIShallowRelu --hidden_units=100 --learning_rate=0.01 --adjust_data_linearly=True
/var/spool/slurm/slurmd/job60879782/slurm_script: line 36: ./1d_regression.py: Permission denied
+ 1d_regression.py --dataset=sine --tag=sine-optimiser-ablation --optimiser=sgd --nonlinearity=relu --generalisation_task=baseline --model=ASIShallowRelu --hidden_units=1000 --learning_rate=0.001 --adjust_data_linearly=True
/var/spool/slurm/slurmd/job60879782/slurm_script: line 37: ./1d_regression.py: Permission denied
+ 1d_regression.py --dataset=sine --tag=sine-optimiser-ablation --optimiser=adam --nonlinearity=relu --generalisation_task=baseline --model=ASIShallowRelu --hidden_units=10 --learning_rate=0.1 --adjust_data_linearly=True
/var/spool/slurm/slurmd/job60879782/slurm_script: line 39: ./1d_regression.py: Permission denied
+ 1d_regression.py --dataset=sine --tag=sine-optimiser-ablation --optimiser=adam --nonlinearity=relu --generalisation_task=baseline --model=ASIShallowRelu --hidden_units=100 --learning_rate=0.01 --adjust_data_linearly=True
/var/spool/slurm/slurmd/job60879782/slurm_script: line 40: ./1d_regression.py: Permission denied
+ 1d_regression.py --dataset=sine --tag=sine-optimiser-ablation --optimiser=adam --nonlinearity=relu --generalisation_task=baseline --model=ASIShallowRelu --hidden_units=1000 --learning_rate=0.001 --adjust_data_linearly=True
/var/spool/slurm/slurmd/job60879782/slurm_script: line 41: ./1d_regression.py: Permission denied
+ 1d_regression.py --dataset=sine --tag=sine-optimiser-ablation --optimiser=momentum --nonlinearity=relu --generalisation_task=baseline --model=ASIShallowRelu --hidden_units=10 --learning_rate=0.1 --adjust_data_linearly=True
/var/spool/slurm/slurmd/job60879782/slurm_script: line 43: ./1d_regression.py: Permission denied
+ 1d_regression.py --dataset=sine --tag=sine-optimiser-ablation --optimiser=momentum --nonlinearity=relu --generalisation_task=baseline --model=ASIShallowRelu --hidden_units=100 --learning_rate=0.01 --adjust_data_linearly=True
/var/spool/slurm/slurmd/job60879782/slurm_script: line 44: ./1d_regression.py: Permission denied
+ 1d_regression.py --dataset=sine --tag=sine-optimiser-ablation --optimiser=momentum --nonlinearity=relu --generalisation_task=baseline --model=ASIShallowRelu --hidden_units=1000 --learning_rate=0.001 --adjust_data_linearly=True
/var/spool/slurm/slurmd/job60879782/slurm_script: line 45: ./1d_regression.py: Permission denied
++ date +%s
+ end=1652273167
+ runtime=0
