++ date +%s
+ start=1652273167
+ 1d_regression.py --dataset=sine --tag=sine-nonlinearity-ablation --nonlinearity=gelu --generalisation_task=baseline --model=ASIShallowRelu --hidden_units=10 --learning_rate=0.1 --adjust_data_linearly=True
/var/spool/slurm/slurmd/job60879781/slurm_script: line 35: ./1d_regression.py: Permission denied
+ 1d_regression.py --dataset=sine --tag=sine-nonlinearity-ablation --nonlinearity=gelu --generalisation_task=baseline --model=ASIShallowRelu --hidden_units=100 --learning_rate=0.01 --adjust_data_linearly=True
/var/spool/slurm/slurmd/job60879781/slurm_script: line 36: ./1d_regression.py: Permission denied
+ 1d_regression.py --dataset=sine --tag=sine-nonlinearity-ablation --nonlinearity=gelu --generalisation_task=baseline --model=ASIShallowRelu --hidden_units=1000 --learning_rate=0.001 --adjust_data_linearly=True
/var/spool/slurm/slurmd/job60879781/slurm_script: line 37: ./1d_regression.py: Permission denied
+ 1d_regression.py --dataset=sine --tag=sine-nonlinearity-ablation --nonlinearity=elu --generalisation_task=baseline --model=ASIShallowRelu --hidden_units=10 --learning_rate=0.1 --adjust_data_linearly=True
/var/spool/slurm/slurmd/job60879781/slurm_script: line 39: ./1d_regression.py: Permission denied
+ 1d_regression.py --dataset=sine --tag=sine-nonlinearity-ablation --nonlinearity=elu --generalisation_task=baseline --model=ASIShallowRelu --hidden_units=100 --learning_rate=0.01 --adjust_data_linearly=True
/var/spool/slurm/slurmd/job60879781/slurm_script: line 40: ./1d_regression.py: Permission denied
+ 1d_regression.py --dataset=sine --tag=sine-nonlinearity-ablation --nonlinearity=elu --generalisation_task=baseline --model=ASIShallowRelu --hidden_units=1000 --learning_rate=0.001 --adjust_data_linearly=True
/var/spool/slurm/slurmd/job60879781/slurm_script: line 41: ./1d_regression.py: Permission denied
+ 1d_regression.py --dataset=sine --tag=sine-nonlinearity-ablation --nonlinearity=tanh --generalisation_task=baseline --model=ASIShallowRelu --hidden_units=10 --learning_rate=0.1 --adjust_data_linearly=True
/var/spool/slurm/slurmd/job60879781/slurm_script: line 43: ./1d_regression.py: Permission denied
+ 1d_regression.py --dataset=sine --tag=sine-nonlinearity-ablation --nonlinearity=tanh --generalisation_task=baseline --model=ASIShallowRelu --hidden_units=100 --learning_rate=0.01 --adjust_data_linearly=True
/var/spool/slurm/slurmd/job60879781/slurm_script: line 44: ./1d_regression.py: Permission denied
+ 1d_regression.py --dataset=sine --tag=sine-nonlinearity-ablation --nonlinearity=tanh --generalisation_task=baseline --model=ASIShallowRelu --hidden_units=1000 --learning_rate=0.001 --adjust_data_linearly=True
/var/spool/slurm/slurmd/job60879781/slurm_script: line 45: ./1d_regression.py: Permission denied
+ 1d_regression.py --dataset=sine --tag=sine-nonlinearity-ablation --nonlinearity=leaky_relu --generalisation_task=baseline --model=ASIShallowRelu --hidden_units=10 --learning_rate=0.1 --adjust_data_linearly=True
/var/spool/slurm/slurmd/job60879781/slurm_script: line 47: ./1d_regression.py: Permission denied
+ 1d_regression.py --dataset=sine --tag=sine-nonlinearity-ablation --nonlinearity=leaky_relu --generalisation_task=baseline --model=ASIShallowRelu --hidden_units=100 --learning_rate=0.01 --adjust_data_linearly=True
/var/spool/slurm/slurmd/job60879781/slurm_script: line 48: ./1d_regression.py: Permission denied
+ 1d_regression.py --dataset=sine --tag=sine-nonlinearity-ablation --nonlinearity=leaky_relu --generalisation_task=baseline --model=ASIShallowRelu --hidden_units=1000 --learning_rate=0.001 --adjust_data_linearly=True
/var/spool/slurm/slurmd/job60879781/slurm_script: line 49: ./1d_regression.py: Permission denied
+ 1d_regression.py --dataset=sine --tag=sine-nonlinearity-ablation --nonlinearity=sigmoid --generalisation_task=baseline --model=ASIShallowRelu --hidden_units=10 --learning_rate=0.1 --adjust_data_linearly=True
/var/spool/slurm/slurmd/job60879781/slurm_script: line 51: ./1d_regression.py: Permission denied
+ 1d_regression.py --dataset=sine --tag=sine-nonlinearity-ablation --nonlinearity=sigmoid --generalisation_task=baseline --model=ASIShallowRelu --hidden_units=100 --learning_rate=0.01 --adjust_data_linearly=True
/var/spool/slurm/slurmd/job60879781/slurm_script: line 52: ./1d_regression.py: Permission denied
+ 1d_regression.py --dataset=sine --tag=sine-nonlinearity-ablation --nonlinearity=sigmoid --generalisation_task=baseline --model=ASIShallowRelu --hidden_units=1000 --learning_rate=0.001 --adjust_data_linearly=True
/var/spool/slurm/slurmd/job60879781/slurm_script: line 53: ./1d_regression.py: Permission denied
++ date +%s
+ end=1652273167
+ runtime=0
